<?xml version="1.0" encoding="UTF-8"?>
<!-- Generated by org.testng.reporters.JUnitReportReporter -->
<testsuite hostname="DML-Mnagle" failures="0" tests="1" name="webChceckIn.WebCheckIn_PC" time="0.001" errors="0" timestamp="25 Jun 2022 09:21:05 GMT" skipped="0">
  <testcase classname="webChceckIn.WebCheckIn_PC" name="bookFlight_WebCheckIN_TC02" time="0.001"/>
</testsuite> <!-- webChceckIn.WebCheckIn_PC -->
