<?xml version="1.0" encoding="UTF-8"?>
<!-- Generated by org.testng.reporters.JUnitReportReporter -->
<testsuite hostname="DML-Mnagle" failures="0" tests="3" name="webChceckIn.WebCheckIN_Mobile" time="0.002" errors="0" timestamp="25 Jun 2022 09:15:58 GMT" skipped="0">
  <testcase classname="webChceckIn.WebCheckIN_Mobile" name="bookFlight_WebCheckIN_TC03" time="0.001"/>
  <testcase classname="webChceckIn.WebCheckIN_Mobile" name="bookFlight_WebCheckIN_TC02" time="0.001"/>
  <testcase classname="webChceckIn.WebCheckIN_Mobile" name="bookFlight_WebCheckIN_TC01" time="0.000"/>
</testsuite> <!-- webChceckIn.WebCheckIN_Mobile -->
