<?xml version="1.0" encoding="UTF-8"?>
<!-- Generated by org.testng.reporters.JUnitReportReporter -->
<testsuite hostname="DML-Mnagle" failures="0" tests="5" name="webChceckIn.Demo_II" time="24.985" errors="0" timestamp="26 Jul 2022 05:48:34 GMT" skipped="0">
  <testcase classname="webChceckIn.Demo_II" name="t4" time="6.202"/>
  <testcase classname="webChceckIn.Demo_II" name="t2" time="4.160"/>
  <testcase classname="webChceckIn.Demo_II" name="t3" time="6.131"/>
  <testcase classname="webChceckIn.Demo_II" name="t5" time="4.185"/>
  <testcase classname="webChceckIn.Demo_II" name="t1" time="4.307"/>
</testsuite> <!-- webChceckIn.Demo_II -->
