<?xml version="1.0" encoding="UTF-8"?>
<!-- Generated by org.testng.reporters.JUnitReportReporter -->
<testsuite hostname="DML-Mnagle" failures="0" tests="2" name="bookFlight.BookFlight_OneWay" time="0.009" errors="0" timestamp="25 Jun 2022 09:21:05 GMT" skipped="0">
  <testcase classname="bookFlight.BookFlight_OneWay" name="bookFlight_OneWay_TC03" time="0.002"/>
  <testcase classname="bookFlight.BookFlight_OneWay" name="bookFlight_OneWay_TC01" time="0.007"/>
</testsuite> <!-- bookFlight.BookFlight_OneWay -->
